# JRE version: Java(TM) SE Runtime Environment (8.0_112-b15) (build 1.8.0_112-b15)
# Java VM: Java HotSpot(TM) 64-Bit Server VM (25.112-b15 mixed mode windows-amd64 compressed oops)
Heap:
 PSYoungGen      total 60416K, used 57536K [0x00000007bc400000, 0x00000007c0000000, 0x00000007c0000000)
  eden space 59392K, 95% used [0x00000007bc400000,0x00000007bfb30328,0x00000007bfe00000)
  from space 1024K, 100% used [0x00000007bfe00000,0x00000007bff00000,0x00000007bff00000)
  to   space 1024K, 0% used [0x00000007bff00000,0x00000007bff00000,0x00000007c0000000)
 ParOldGen       total 307200K, used 73225K [0x0000000700000000, 0x0000000712c00000, 0x00000007bc400000)
  object space 307200K, 23% used [0x0000000700000000,0x0000000704782520,0x0000000712c00000)
 Metaspace       used 73736K, capacity 74416K, committed 75008K, reserved 1114112K
  class space    used 10336K, capacity 10466K, committed 10496K, reserved 1048576K
GC Heap History (10 events):
Event: 16541.968 GC heap before
{Heap before GC invocations=1532 (full 481):
 PSYoungGen      total 60416K, used 59456K [0x00000007bc400000, 0x00000007c0000000, 0x00000007c0000000)
  eden space 58880K, 100% used [0x00000007bc400000,0x00000007bfd80000,0x00000007bfd80000)
  from space 1536K, 37% used [0x00000007bfe80000,0x00000007bff10000,0x00000007c0000000)
  to   space 1024K, 0% used [0x00000007bfd80000,0x00000007bfd80000,0x00000007bfe80000)
 ParOldGen       total 307200K, used 73217K [0x0000000700000000, 0x0000000712c00000, 0x00000007bc400000)
  object space 307200K, 23% used [0x0000000700000000,0x0000000704780520,0x0000000712c00000)
 Metaspace       used 73691K, capacity 74352K, committed 75008K, reserved 1114112K
  class space    used 10336K, capacity 10466K, committed 10496K, reserved 1048576K
Event: 16541.971 GC heap after
Heap after GC invocations=1532 (full 481):
 PSYoungGen      total 59904K, used 512K [0x00000007bc400000, 0x00000007c0000000, 0x00000007c0000000)
  eden space 58880K, 0% used [0x00000007bc400000,0x00000007bc400000,0x00000007bfd80000)
  from space 1024K, 50% used [0x00000007bfd80000,0x00000007bfe00000,0x00000007bfe80000)
  to   space 1024K, 0% used [0x00000007bff00000,0x00000007bff00000,0x00000007c0000000)
 ParOldGen       total 307200K, used 73217K [0x0000000700000000, 0x0000000712c00000, 0x00000007bc400000)
  object space 307200K, 23% used [0x0000000700000000,0x0000000704780520,0x0000000712c00000)
 Metaspace       used 73691K, capacity 74352K, committed 75008K, reserved 1114112K
  class space    used 10336K, capacity 10466K, committed 10496K, reserved 1048576K
}
Event: 16547.100 GC heap before
{Heap before GC invocations=1533 (full 481):
 PSYoungGen      total 59904K, used 59392K [0x00000007bc400000, 0x00000007c0000000, 0x00000007c0000000)
  eden space 58880K, 100% used [0x00000007bc400000,0x00000007bfd80000,0x00000007bfd80000)
  from space 1024K, 50% used [0x00000007bfd80000,0x00000007bfe00000,0x00000007bfe80000)
  to   space 1024K, 0% used [0x00000007bff00000,0x00000007bff00000,0x00000007c0000000)
 ParOldGen       total 307200K, used 73217K [0x0000000700000000, 0x0000000712c00000, 0x00000007bc400000)
  object space 307200K, 23% used [0x0000000700000000,0x0000000704780520,0x0000000712c00000)
 Metaspace       used 73701K, capacity 74416K, committed 75008K, reserved 1114112K
  class space    used 10336K, capacity 10466K, committed 10496K, reserved 1048576K
Event: 16547.103 GC heap after
Heap after GC invocations=1533 (full 481):
 PSYoungGen      total 60416K, used 576K [0x00000007bc400000, 0x00000007c0000000, 0x00000007c0000000)
  eden space 59392K, 0% used [0x00000007bc400000,0x00000007bc400000,0x00000007bfe00000)
  from space 1024K, 56% used [0x00000007bff00000,0x00000007bff90000,0x00000007c0000000)
  to   space 1024K, 0% used [0x00000007bfe00000,0x00000007bfe00000,0x00000007bff00000)
 ParOldGen       total 307200K, used 73225K [0x0000000700000000, 0x0000000712c00000, 0x00000007bc400000)
  object space 307200K, 23% used [0x0000000700000000,0x0000000704782520,0x0000000712c00000)
 Metaspace       used 73701K, capacity 74416K, committed 75008K, reserved 1114112K
  class space    used 10336K, capacity 10466K, committed 10496K, reserved 1048576K
}
Event: 16548.791 GC heap before
{Heap before GC invocations=1534 (full 481):
 PSYoungGen      total 60416K, used 59968K [0x00000007bc400000, 0x00000007c0000000, 0x00000007c0000000)
  eden space 59392K, 100% used [0x00000007bc400000,0x00000007bfe00000,0x00000007bfe00000)
  from space 1024K, 56% used [0x00000007bff00000,0x00000007bff90000,0x00000007c0000000)
  to   space 1024K, 0% used [0x00000007bfe00000,0x00000007bfe00000,0x00000007bff00000)
 ParOldGen       total 307200K, used 73225K [0x0000000700000000, 0x0000000712c00000, 0x00000007bc400000)
  object space 307200K, 23% used [0x0000000700000000,0x0000000704782520,0x0000000712c00000)
 Metaspace       used 73705K, capacity 74416K, committed 75008K, reserved 1114112K
  class space    used 10336K, capacity 10466K, committed 10496K, reserved 1048576K
Event: 16548.795 GC heap after
Heap after GC invocations=1534 (full 481):
 PSYoungGen      total 60416K, used 544K [0x00000007bc400000, 0x00000007c0000000, 0x00000007c0000000)
  eden space 59392K, 0% used [0x00000007bc400000,0x00000007bc400000,0x00000007bfe00000)
  from space 1024K, 53% used [0x00000007bfe00000,0x00000007bfe88000,0x00000007bff00000)
  to   space 1024K, 0% used [0x00000007bff00000,0x00000007bff00000,0x00000007c0000000)
 ParOldGen       total 307200K, used 73225K [0x0000000700000000, 0x0000000712c00000, 0x00000007bc400000)
  object space 307200K, 23% used [0x0000000700000000,0x0000000704782520,0x0000000712c00000)
 Metaspace       used 73705K, capacity 74416K, committed 75008K, reserved 1114112K
  class space    used 10336K, capacity 10466K, committed 10496K, reserved 1048576K
}
Event: 16582.895 GC heap before
{Heap before GC invocations=1535 (full 481):
 PSYoungGen      total 60416K, used 59936K [0x00000007bc400000, 0x00000007c0000000, 0x00000007c0000000)
  eden space 59392K, 100% used [0x00000007bc400000,0x00000007bfe00000,0x00000007bfe00000)
  from space 1024K, 53% used [0x00000007bfe00000,0x00000007bfe88000,0x00000007bff00000)
  to   space 1024K, 0% used [0x00000007bff00000,0x00000007bff00000,0x00000007c0000000)
 ParOldGen       total 307200K, used 73225K [0x0000000700000000, 0x0000000712c00000, 0x00000007bc400000)
  object space 307200K, 23% used [0x0000000700000000,0x0000000704782520,0x0000000712c00000)
 Metaspace       used 73705K, capacity 74416K, committed 75008K, reserved 1114112K
  class space    used 10336K, capacity 10466K, committed 10496K, reserved 1048576K
Event: 16582.899 GC heap after
Heap after GC invocations=1535 (full 481):
 PSYoungGen      total 60416K, used 576K [0x00000007bc400000, 0x00000007c0000000, 0x00000007c0000000)
  eden space 59392K, 0% used [0x00000007bc400000,0x00000007bc400000,0x00000007bfe00000)
  from space 1024K, 56% used [0x00000007bff00000,0x00000007bff90000,0x00000007c0000000)
  to   space 1024K, 0% used [0x00000007bfe00000,0x00000007bfe00000,0x00000007bff00000)
 ParOldGen       total 307200K, used 73225K [0x0000000700000000, 0x0000000712c00000, 0x00000007bc400000)
  object space 307200K, 23% used [0x0000000700000000,0x0000000704782520,0x0000000712c00000)
 Metaspace       used 73705K, capacity 74416K, committed 75008K, reserved 1114112K
  class space    used 10336K, capacity 10466K, committed 10496K, reserved 1048576K
}
Event: 16594.425 GC heap before
{Heap before GC invocations=1536 (full 481):
 PSYoungGen      total 60416K, used 59968K [0x00000007bc400000, 0x00000007c0000000, 0x00000007c0000000)
  eden space 59392K, 100% used [0x00000007bc400000,0x00000007bfe00000,0x00000007bfe00000)
  from space 1024K, 56% used [0x00000007bff00000,0x00000007bff90000,0x00000007c0000000)
  to   space 1024K, 0% used [0x00000007bfe00000,0x00000007bfe00000,0x00000007bff00000)
 ParOldGen       total 307200K, used 73225K [0x0000000700000000, 0x0000000712c00000, 0x00000007bc400000)
  object space 307200K, 23% used [0x0000000700000000,0x0000000704782520,0x0000000712c00000)
 Metaspace       used 73717K, capacity 74416K, committed 75008K, reserved 1114112K
  class space    used 10336K, capacity 10466K, committed 10496K, reserved 1048576K
Event: 16594.430 GC heap after
Heap after GC invocations=1536 (full 481):
 PSYoungGen      total 60416K, used 1024K [0x00000007bc400000, 0x00000007c0000000, 0x00000007c0000000)
  eden space 59392K, 0% used [0x00000007bc400000,0x00000007bc400000,0x00000007bfe00000)
  from space 1024K, 100% used [0x00000007bfe00000,0x00000007bff00000,0x00000007bff00000)
  to   space 1024K, 0% used [0x00000007bff00000,0x00000007bff00000,0x00000007c0000000)
 ParOldGen       total 307200K, used 73225K [0x0000000700000000, 0x0000000712c00000, 0x00000007bc400000)
  object space 307200K, 23% used [0x0000000700000000,0x0000000704782520,0x0000000712c00000)
 Metaspace       used 73717K, capacity 74416K, committed 75008K, reserved 1114112K
  class space    used 10336K, capacity 10466K, committed 10496K, reserved 1048576K
}

